c:\users\gelli\source\repos\leetcodecompilation\leetcodecompilation\x64\debug\vc143.pdb
c:\users\gelli\source\repos\leetcodecompilation\leetcodecompilation\x64\debug\vc143.idb
c:\users\gelli\source\repos\leetcodecompilation\leetcodecompilation\x64\debug\linkedlist.obj
c:\users\gelli\source\repos\leetcodecompilation\leetcodecompilation\x64\debug\intervalstester.obj
c:\users\gelli\source\repos\leetcodecompilation\leetcodecompilation\x64\debug\intervals.obj
c:\users\gelli\source\repos\leetcodecompilation\leetcodecompilation\x64\debug\heapandpriorityqueuetester.obj
c:\users\gelli\source\repos\leetcodecompilation\leetcodecompilation\x64\debug\heapandpriorityqueue.obj
c:\users\gelli\source\repos\leetcodecompilation\leetcodecompilation\x64\debug\greedytester.obj
c:\users\gelli\source\repos\leetcodecompilation\leetcodecompilation\x64\debug\greedy.obj
c:\users\gelli\source\repos\leetcodecompilation\leetcodecompilation\x64\debug\graphtester.obj
c:\users\gelli\source\repos\leetcodecompilation\leetcodecompilation\x64\debug\graph.obj
c:\users\gelli\source\repos\leetcodecompilation\leetcodecompilation\x64\debug\dynamicprogrammingtester.obj
c:\users\gelli\source\repos\leetcodecompilation\leetcodecompilation\x64\debug\dynamicprogramming.obj
c:\users\gelli\source\repos\leetcodecompilation\leetcodecompilation\x64\debug\bitmanipulationtester.obj
c:\users\gelli\source\repos\leetcodecompilation\leetcodecompilation\x64\debug\bitmanipulation.obj
c:\users\gelli\source\repos\leetcodecompilation\leetcodecompilation\x64\debug\binarysearchtester.obj
c:\users\gelli\source\repos\leetcodecompilation\leetcodecompilation\x64\debug\binarysearch.obj
c:\users\gelli\source\repos\leetcodecompilation\leetcodecompilation\x64\debug\backtrackingtester.obj
c:\users\gelli\source\repos\leetcodecompilation\leetcodecompilation\x64\debug\backtracking.obj
c:\users\gelli\source\repos\leetcodecompilation\leetcodecompilation\x64\debug\arrayandhashing.obj
c:\users\gelli\source\repos\leetcodecompilation\leetcodecompilation\x64\debug\arrayandhashingtester.obj
c:\users\gelli\source\repos\leetcodecompilation\leetcodecompilation\x64\debug\twopointerstester.obj
c:\users\gelli\source\repos\leetcodecompilation\leetcodecompilation\x64\debug\twopointers.obj
c:\users\gelli\source\repos\leetcodecompilation\leetcodecompilation\x64\debug\trietester.obj
c:\users\gelli\source\repos\leetcodecompilation\leetcodecompilation\x64\debug\trie.obj
c:\users\gelli\source\repos\leetcodecompilation\leetcodecompilation\x64\debug\treetester.obj
c:\users\gelli\source\repos\leetcodecompilation\leetcodecompilation\x64\debug\treeprinter.obj
c:\users\gelli\source\repos\leetcodecompilation\leetcodecompilation\x64\debug\tree.obj
c:\users\gelli\source\repos\leetcodecompilation\leetcodecompilation\x64\debug\testrunner.obj
c:\users\gelli\source\repos\leetcodecompilation\leetcodecompilation\x64\debug\tester.obj
c:\users\gelli\source\repos\leetcodecompilation\leetcodecompilation\x64\debug\stacktester.obj
c:\users\gelli\source\repos\leetcodecompilation\leetcodecompilation\x64\debug\stack.obj
c:\users\gelli\source\repos\leetcodecompilation\leetcodecompilation\x64\debug\slidingwindowtester.obj
c:\users\gelli\source\repos\leetcodecompilation\leetcodecompilation\x64\debug\slidingwindow.obj
c:\users\gelli\source\repos\leetcodecompilation\leetcodecompilation\x64\debug\mathandgeometrytester.obj
c:\users\gelli\source\repos\leetcodecompilation\leetcodecompilation\x64\debug\mathandgeometry.obj
c:\users\gelli\source\repos\leetcodecompilation\leetcodecompilation\x64\debug\main.obj
c:\users\gelli\source\repos\leetcodecompilation\leetcodecompilation\x64\debug\linkedlisttester.obj
c:\users\gelli\source\repos\leetcodecompilation\x64\debug\leetcodecompilation.pdb
c:\users\gelli\source\repos\leetcodecompilation\leetcodecompilation\x64\debug\leetcode.adaed54a.tlog\cl.command.1.tlog
c:\users\gelli\source\repos\leetcodecompilation\leetcodecompilation\x64\debug\leetcode.adaed54a.tlog\cl.items.tlog
c:\users\gelli\source\repos\leetcodecompilation\leetcodecompilation\x64\debug\leetcode.adaed54a.tlog\cl.read.1.tlog
c:\users\gelli\source\repos\leetcodecompilation\leetcodecompilation\x64\debug\leetcode.adaed54a.tlog\cl.write.1.tlog
c:\users\gelli\source\repos\leetcodecompilation\leetcodecompilation\x64\debug\leetcode.adaed54a.tlog\link.23932-cvtres.read.1.tlog
c:\users\gelli\source\repos\leetcodecompilation\leetcodecompilation\x64\debug\leetcode.adaed54a.tlog\link.23932-cvtres.write.1.tlog
c:\users\gelli\source\repos\leetcodecompilation\leetcodecompilation\x64\debug\leetcode.adaed54a.tlog\link.23932-rc.read.1.tlog
c:\users\gelli\source\repos\leetcodecompilation\leetcodecompilation\x64\debug\leetcode.adaed54a.tlog\link.23932-rc.write.1.tlog
c:\users\gelli\source\repos\leetcodecompilation\leetcodecompilation\x64\debug\leetcode.adaed54a.tlog\link.23932.read.1.tlog
c:\users\gelli\source\repos\leetcodecompilation\leetcodecompilation\x64\debug\leetcode.adaed54a.tlog\link.23932.read.2.tlog
c:\users\gelli\source\repos\leetcodecompilation\leetcodecompilation\x64\debug\leetcode.adaed54a.tlog\link.23932.write.1.tlog
c:\users\gelli\source\repos\leetcodecompilation\leetcodecompilation\x64\debug\leetcode.adaed54a.tlog\link.command.1.tlog
c:\users\gelli\source\repos\leetcodecompilation\leetcodecompilation\x64\debug\leetcode.adaed54a.tlog\link.read.1.tlog
c:\users\gelli\source\repos\leetcodecompilation\leetcodecompilation\x64\debug\leetcode.adaed54a.tlog\link.write.1.tlog
